[2022-06-11 16:36:41] [connect] WebSocket Connection [::ffff:127.0.0.1]:47778 v13 "" /ws_json 101
[2022-06-11 16:36:41] [connect] WebSocket Connection [::ffff:127.0.0.1]:47780 v13 "" /ws_json 101
[2022-06-11 16:36:41] [message_payload] [request] {"id": 1, "type": "keynodes", "payload": [{"command": "find", "idtf": "action_translate_rdf_diff_to_rdf_sc"}]}
[2022-06-11 16:36:41] [message_payload] [response] {"event":0,"id":1,"payload":[12039],"status":1}
[2022-06-11 16:36:41] [frame_header] Dispatching write containing 1 message(s) containing 2 header bytes and 47 payload bytes
[2022-06-11 16:36:41] [frame_header] Header Bytes: 
[0] (2) 81 2F 

[2022-06-11 16:36:41] [frame_payload] Payload Bytes: 
[0] (47) [1] {"event":0,"id":1,"payload":[12039],"status":1}

[2022-06-11 16:36:41] [message_payload] [event] {"id": 2, "type": "events", "payload": {"create": [{"type": "add_outgoing_edge", "addr": 12039}]}}
[2022-06-11 16:36:41] [message_payload] [event response] {"event":0,"id":2,"payload":[0],"status":1}
[2022-06-11 16:36:41] [frame_header] Dispatching write containing 1 message(s) containing 2 header bytes and 43 payload bytes
[2022-06-11 16:36:41] [frame_header] Header Bytes: 
[0] (2) 81 2B 

[2022-06-11 16:36:41] [frame_payload] Payload Bytes: 
[0] (43) [1] {"event":0,"id":2,"payload":[0],"status":1}

[2022-06-11 16:36:41] [message_payload] [request] {"id": 3, "type": "keynodes", "payload": [{"command": "find", "idtf": "action_translate_input_rdf_model_to_rdf_sc"}]}
[2022-06-11 16:36:41] [message_payload] [response] {"event":0,"id":3,"payload":[11111],"status":1}
[2022-06-11 16:36:41] [frame_header] Dispatching write containing 1 message(s) containing 2 header bytes and 47 payload bytes
[2022-06-11 16:36:41] [frame_header] Header Bytes: 
[0] (2) 81 2F 

[2022-06-11 16:36:41] [frame_payload] Payload Bytes: 
[0] (47) [1] {"event":0,"id":3,"payload":[11111],"status":1}

[2022-06-11 16:36:41] [message_payload] [event] {"id": 4, "type": "events", "payload": {"create": [{"type": "add_outgoing_edge", "addr": 11111}]}}
[2022-06-11 16:36:41] [message_payload] [event response] {"event":0,"id":4,"payload":[1],"status":1}
[2022-06-11 16:36:41] [frame_header] Dispatching write containing 1 message(s) containing 2 header bytes and 43 payload bytes
[2022-06-11 16:36:41] [frame_header] Header Bytes: 
[0] (2) 81 2B 

[2022-06-11 16:36:41] [frame_payload] Payload Bytes: 
[0] (43) [1] {"event":0,"id":4,"payload":[1],"status":1}

[2022-06-11 16:36:41] [message_payload] [request] {"id": 5, "type": "keynodes", "payload": [{"command": "find", "idtf": "action_translate_rdf_sc_model_to_rdf"}]}
[2022-06-11 16:36:41] [message_payload] [response] {"event":0,"id":5,"payload":[13191],"status":1}
[2022-06-11 16:36:41] [frame_header] Dispatching write containing 1 message(s) containing 2 header bytes and 47 payload bytes
[2022-06-11 16:36:41] [frame_header] Header Bytes: 
[0] (2) 81 2F 

[2022-06-11 16:36:41] [frame_payload] Payload Bytes: 
[0] (47) [1] {"event":0,"id":5,"payload":[13191],"status":1}

[2022-06-11 16:36:41] [message_payload] [event] {"id": 6, "type": "events", "payload": {"create": [{"type": "add_outgoing_edge", "addr": 13191}]}}
[2022-06-11 16:36:41] [message_payload] [event response] {"event":0,"id":6,"payload":[2],"status":1}
[2022-06-11 16:36:41] [frame_header] Dispatching write containing 1 message(s) containing 2 header bytes and 43 payload bytes
[2022-06-11 16:36:41] [frame_header] Header Bytes: 
[0] (2) 81 2B 

[2022-06-11 16:36:41] [frame_payload] Payload Bytes: 
[0] (43) [1] {"event":0,"id":6,"payload":[2],"status":1}

[2022-06-11 16:36:44] [disconnect] Disconnect close local:[1006,End of File] remote:[1006]
[2022-06-11 16:36:44] [disconnect] Disconnect close local:[1006,End of File] remote:[1006]
[2022-06-11 16:36:53] [connect] WebSocket Connection [::ffff:127.0.0.1]:47782 v13 "" /ws_json 101
[2022-06-11 16:36:53] [connect] WebSocket Connection [::ffff:127.0.0.1]:47784 v13 "" /ws_json 101
[2022-06-11 16:36:53] [message_payload] [request] {"id": 1, "type": "keynodes", "payload": [{"command": "find", "idtf": "action_translate_rdf_diff_to_rdf_sc"}]}
[2022-06-11 16:36:53] [message_payload] [response] {"event":0,"id":1,"payload":[12039],"status":1}
[2022-06-11 16:36:53] [frame_header] Dispatching write containing 1 message(s) containing 2 header bytes and 47 payload bytes
[2022-06-11 16:36:53] [frame_header] Header Bytes: 
[0] (2) 81 2F 

[2022-06-11 16:36:53] [frame_payload] Payload Bytes: 
[0] (47) [1] {"event":0,"id":1,"payload":[12039],"status":1}

[2022-06-11 16:36:53] [message_payload] [event] {"id": 2, "type": "events", "payload": {"create": [{"type": "add_outgoing_edge", "addr": 12039}]}}
[2022-06-11 16:36:53] [message_payload] [event response] {"event":0,"id":2,"payload":[3],"status":1}
[2022-06-11 16:36:53] [frame_header] Dispatching write containing 1 message(s) containing 2 header bytes and 43 payload bytes
[2022-06-11 16:36:53] [frame_header] Header Bytes: 
[0] (2) 81 2B 

[2022-06-11 16:36:53] [frame_payload] Payload Bytes: 
[0] (43) [1] {"event":0,"id":2,"payload":[3],"status":1}

[2022-06-11 16:36:53] [message_payload] [request] {"id": 3, "type": "keynodes", "payload": [{"command": "find", "idtf": "action_translate_input_rdf_model_to_rdf_sc"}]}
[2022-06-11 16:36:53] [message_payload] [response] {"event":0,"id":3,"payload":[11111],"status":1}
[2022-06-11 16:36:53] [frame_header] Dispatching write containing 1 message(s) containing 2 header bytes and 47 payload bytes
[2022-06-11 16:36:53] [frame_header] Header Bytes: 
[0] (2) 81 2F 

[2022-06-11 16:36:53] [frame_payload] Payload Bytes: 
[0] (47) [1] {"event":0,"id":3,"payload":[11111],"status":1}

[2022-06-11 16:36:53] [message_payload] [event] {"id": 4, "type": "events", "payload": {"create": [{"type": "add_outgoing_edge", "addr": 11111}]}}
[2022-06-11 16:36:53] [message_payload] [event response] {"event":0,"id":4,"payload":[4],"status":1}
[2022-06-11 16:36:53] [frame_header] Dispatching write containing 1 message(s) containing 2 header bytes and 43 payload bytes
[2022-06-11 16:36:53] [frame_header] Header Bytes: 
[0] (2) 81 2B 

[2022-06-11 16:36:53] [frame_payload] Payload Bytes: 
[0] (43) [1] {"event":0,"id":4,"payload":[4],"status":1}

[2022-06-11 16:36:53] [message_payload] [request] {"id": 5, "type": "keynodes", "payload": [{"command": "find", "idtf": "action_translate_rdf_sc_model_to_rdf"}]}
[2022-06-11 16:36:53] [message_payload] [response] {"event":0,"id":5,"payload":[13191],"status":1}
[2022-06-11 16:36:53] [frame_header] Dispatching write containing 1 message(s) containing 2 header bytes and 47 payload bytes
[2022-06-11 16:36:53] [frame_header] Header Bytes: 
[0] (2) 81 2F 

[2022-06-11 16:36:53] [frame_payload] Payload Bytes: 
[0] (47) [1] {"event":0,"id":5,"payload":[13191],"status":1}

[2022-06-11 16:36:53] [message_payload] [event] {"id": 6, "type": "events", "payload": {"create": [{"type": "add_outgoing_edge", "addr": 13191}]}}
[2022-06-11 16:36:53] [message_payload] [event response] {"event":0,"id":6,"payload":[5],"status":1}
[2022-06-11 16:36:53] [frame_header] Dispatching write containing 1 message(s) containing 2 header bytes and 43 payload bytes
[2022-06-11 16:36:53] [frame_header] Header Bytes: 
[0] (2) 81 2B 

[2022-06-11 16:36:53] [frame_payload] Payload Bytes: 
[0] (43) [1] {"event":0,"id":6,"payload":[5],"status":1}

[2022-06-11 16:36:53] [message_payload] [request] {"id": 7, "type": "create_elements", "payload": [{"el": "link", "type": 34, "content": "<rdf:RDF\n    xmlns=\"http://www.metaphacts.com/resource/\"\n    xmlns:rdfs=\"http://www.w3.org/2000/01/rdf-schema#\"\n    xmlns:rdf=\"http://www.w3.org/1999/02/22-rdf-syntax-ns#\"\n    xmlns:cim16=\"http://iec.ch/TC57/2014/CIM-schema-cim16#\">\n    <rdf:Description rdf:about=\"#_544af4de-411d-47d0-8cf3-c43627e39baa\">\n        <cim16:SubGeographicalRegion.Substations rdf:resource=\"#_ea0ef47a-dde1-4d5a-98cd-d602b803cb22\"/>\n        <rdf:type rdf:resource=\"http://iec.ch/TC57/2014/CIM-schema-cim16#SubGeographicalRegion\"/>\n    </rdf:Description>\n    <rdf:Description rdf:about=\"#_ea0ef47a-dde1-4d5a-98cd-d602b803cb22\">\n        <rdf:type rdf:resource=\"http://iec.ch/TC57/2014/CIM-schema-cim16#Substation\"/>\n        <cim16:IdentifiedObject.name>Station415</cim16:IdentifiedObject.name>\n        <cim16:Equipment.normallyInService>false</cim16:Equipment.normallyInService>\n    </rdf:Description>\n</rdf:RDF>\n", "content_type": 2}]}
[2022-06-11 16:36:53] [message_payload] [response] {"event":0,"id":7,"payload":[65547],"status":1}
[2022-06-11 16:36:53] [frame_header] Dispatching write containing 1 message(s) containing 2 header bytes and 47 payload bytes
[2022-06-11 16:36:53] [frame_header] Header Bytes: 
[0] (2) 81 2F 

[2022-06-11 16:36:53] [frame_payload] Payload Bytes: 
[0] (47) [1] {"event":0,"id":7,"payload":[65547],"status":1}

[2022-06-11 16:36:53] [message_payload] [request] {"id": 8, "type": "create_elements", "payload": [{"el": "node", "type": 33}]}
[2022-06-11 16:36:53] [message_payload] [response] {"event":0,"id":8,"payload":[65611],"status":1}
[2022-06-11 16:36:53] [frame_header] Dispatching write containing 1 message(s) containing 2 header bytes and 47 payload bytes
[2022-06-11 16:36:53] [frame_header] Header Bytes: 
[0] (2) 81 2F 

[2022-06-11 16:36:53] [frame_payload] Payload Bytes: 
[0] (47) [1] {"event":0,"id":8,"payload":[65611],"status":1}

[2022-06-11 16:36:53] [message_payload] [request] {"id": 9, "type": "keynodes", "payload": [{"command": "find", "idtf": "rrel_1"}]}
[2022-06-11 16:36:53] [message_payload] [response] {"event":0,"id":9,"payload":[357],"status":1}
[2022-06-11 16:36:53] [frame_header] Dispatching write containing 1 message(s) containing 2 header bytes and 45 payload bytes
[2022-06-11 16:36:53] [frame_header] Header Bytes: 
[0] (2) 81 2D 

[2022-06-11 16:36:53] [frame_payload] Payload Bytes: 
[0] (45) [1] {"event":0,"id":9,"payload":[357],"status":1}

[2022-06-11 16:36:53] [message_payload] [request] {"id": 10, "type": "keynodes", "payload": [{"command": "find", "idtf": "nrel_basic_sequence"}]}
[2022-06-11 16:36:53] [message_payload] [response] {"event":0,"id":10,"payload":[66313],"status":1}
[2022-06-11 16:36:53] [frame_header] Dispatching write containing 1 message(s) containing 2 header bytes and 48 payload bytes
[2022-06-11 16:36:53] [frame_header] Header Bytes: 
[0] (2) 81 30 

[2022-06-11 16:36:53] [frame_payload] Payload Bytes: 
[0] (48) [1] {"event":0,"id":10,"payload":[66313],"status":1}

[2022-06-11 16:36:53] [message_payload] [request] {"id": 11, "type": "create_elements", "payload": [{"el": "edge", "type": 2224, "src": {"type": "addr", "value": 65611}, "trg": {"type": "addr", "value": 65547}}, {"el": "edge", "type": 2224, "src": {"type": "addr", "value": 357}, "trg": {"type": "ref", "value": 0}}]}
[2022-06-11 16:36:53] [message_payload] [response] {"event":0,"id":11,"payload":[65643,65675],"status":1}
[2022-06-11 16:36:53] [frame_header] Dispatching write containing 1 message(s) containing 2 header bytes and 54 payload bytes
[2022-06-11 16:36:53] [frame_header] Header Bytes: 
[0] (2) 81 36 

[2022-06-11 16:36:53] [frame_payload] Payload Bytes: 
[0] (54) [1] {"event":0,"id":11,"payload":[65643,65675],"status":1}

[2022-06-11 16:36:53] [message_payload] [request] {"id": 12, "type": "keynodes", "payload": [{"command": "resolve", "idtf": "action_initiate_process_input_model_action", "elType": 2081}]}
[2022-06-11 16:36:53] [message_payload] [response] {"event":0,"id":12,"payload":[65554],"status":1}
[2022-06-11 16:36:53] [frame_header] Dispatching write containing 1 message(s) containing 2 header bytes and 48 payload bytes
[2022-06-11 16:36:53] [frame_header] Header Bytes: 
[0] (2) 81 30 

[2022-06-11 16:36:53] [frame_payload] Payload Bytes: 
[0] (48) [1] {"event":0,"id":12,"payload":[65554],"status":1}

[2022-06-11 16:36:53] [message_payload] [request] {"id": 13, "type": "keynodes", "payload": [{"command": "resolve", "idtf": "question", "elType": 2081}]}
[2022-06-11 16:36:53] [message_payload] [response] {"event":0,"id":13,"payload":[44839],"status":1}
[2022-06-11 16:36:53] [frame_header] Dispatching write containing 1 message(s) containing 2 header bytes and 48 payload bytes
[2022-06-11 16:36:53] [frame_header] Header Bytes: 
[0] (2) 81 30 

[2022-06-11 16:36:53] [frame_payload] Payload Bytes: 
[0] (48) [1] {"event":0,"id":13,"payload":[44839],"status":1}

[2022-06-11 16:36:53] [message_payload] [request] {"id": 14, "type": "create_elements", "payload": [{"el": "node", "type": 33}, {"el": "edge", "type": 2224, "src": {"type": "addr", "value": 65554}, "trg": {"type": "ref", "value": 0}}, {"el": "edge", "type": 2224, "src": {"type": "addr", "value": 44839}, "trg": {"type": "ref", "value": 0}}]}
[2022-06-11 16:36:53] [message_payload] [response] {"event":0,"id":14,"payload":[65707,65739,65771],"status":1}
[2022-06-11 16:36:53] [frame_header] Dispatching write containing 1 message(s) containing 2 header bytes and 60 payload bytes
[2022-06-11 16:36:53] [frame_header] Header Bytes: 
[0] (2) 81 3C 

[2022-06-11 16:36:53] [frame_payload] Payload Bytes: 
[0] (60) [1] {"event":0,"id":14,"payload":[65707,65739,65771],"status":1}

[2022-06-11 16:36:53] [message_payload] [request] {"id": 15, "type": "create_elements", "payload": [{"el": "edge", "type": 2224, "src": {"type": "addr", "value": 65707}, "trg": {"type": "addr", "value": 65611}}, {"el": "edge", "type": 2224, "src": {"type": "addr", "value": 357}, "trg": {"type": "ref", "value": 0}}]}
[2022-06-11 16:36:53] [message_payload] [response] {"event":0,"id":15,"payload":[65803,65835],"status":1}
[2022-06-11 16:36:53] [frame_header] Dispatching write containing 1 message(s) containing 2 header bytes and 54 payload bytes
[2022-06-11 16:36:53] [frame_header] Header Bytes: 
[0] (2) 81 36 

[2022-06-11 16:36:53] [frame_payload] Payload Bytes: 
[0] (54) [1] {"event":0,"id":15,"payload":[65803,65835],"status":1}

[2022-06-11 16:36:53] [message_payload] [request] {"id": 16, "type": "keynodes", "payload": [{"command": "find", "idtf": "question_initiated"}]}
[2022-06-11 16:36:53] [message_payload] [response] {"event":0,"id":16,"payload":[65548],"status":1}
[2022-06-11 16:36:53] [frame_header] Dispatching write containing 1 message(s) containing 2 header bytes and 48 payload bytes
[2022-06-11 16:36:53] [frame_header] Header Bytes: 
[0] (2) 81 30 

[2022-06-11 16:36:53] [frame_payload] Payload Bytes: 
[0] (48) [1] {"event":0,"id":16,"payload":[65548],"status":1}

[2022-06-11 16:36:53] [message_payload] [request] {"id": 17, "type": "create_elements", "payload": [{"el": "edge", "type": 2224, "src": {"type": "addr", "value": 65548}, "trg": {"type": "addr", "value": 65707}}]}
[2022-06-11 16:36:53] [message_payload] [response] {"event":0,"id":17,"payload":[65867],"status":1}
[2022-06-11 16:36:53] [frame_header] Dispatching write containing 1 message(s) containing 2 header bytes and 48 payload bytes
[2022-06-11 16:36:53] [frame_header] Header Bytes: 
[0] (2) 81 30 

[2022-06-11 16:36:53] [frame_payload] Payload Bytes: 
[0] (48) [1] {"event":0,"id":17,"payload":[65867],"status":1}

[2022-06-11 16:36:56] [message_payload] [request] {"id": 18, "type": "keynodes", "payload": [{"command": "find", "idtf": "question_finished"}]}
[2022-06-11 16:36:56] [message_payload] [response] {"event":0,"id":18,"payload":[65676],"status":1}
[2022-06-11 16:36:56] [frame_header] Dispatching write containing 1 message(s) containing 2 header bytes and 48 payload bytes
[2022-06-11 16:36:56] [frame_header] Header Bytes: 
[0] (2) 81 30 

[2022-06-11 16:36:56] [frame_payload] Payload Bytes: 
[0] (48) [1] {"event":0,"id":18,"payload":[65676],"status":1}

[2022-06-11 16:36:57] [message_payload] [request] {"id": 19, "type": "search_template", "payload": [[{"type": "addr", "value": 65676}, {"type": "type", "value": 2256}, {"type": "addr", "value": 65707}]]}
[2022-06-11 16:36:57] [message_payload] [response] {"event":0,"id":19,"payload":{"addrs":[],"aliases":{}},"status":1}
[2022-06-11 16:36:57] [frame_header] Dispatching write containing 2 message(s) containing 4 header bytes and 125 payload bytes
[2022-06-11 16:36:57] [frame_header] Header Bytes: 
[0] (2) 81 3B 
[1] (2) 81 42 

[2022-06-11 16:36:57] [frame_payload] Payload Bytes: 
[0] (59) [1] {"event":1,"id":1,"payload":[11111,66019,65763],"status":1}
[1] (66) [1] {"event":0,"id":19,"payload":{"addrs":[],"aliases":{}},"status":1}

[2022-06-11 16:36:58] [message_payload] [request] {"id": 20, "type": "search_template", "payload": [[{"type": "addr", "value": 65676}, {"type": "type", "value": 2256}, {"type": "addr", "value": 65707}]]}
[2022-06-11 16:36:58] [message_payload] [response] {"event":0,"id":20,"payload":{"addrs":[],"aliases":{}},"status":1}
[2022-06-11 16:36:58] [frame_header] Dispatching write containing 1 message(s) containing 2 header bytes and 66 payload bytes
[2022-06-11 16:36:58] [frame_header] Header Bytes: 
[0] (2) 81 42 

[2022-06-11 16:36:58] [frame_payload] Payload Bytes: 
[0] (66) [1] {"event":0,"id":20,"payload":{"addrs":[],"aliases":{}},"status":1}

[2022-06-11 16:37:02] [message_payload] [request] {"id": 21, "type": "search_template", "payload": [[{"type": "addr", "value": 65676}, {"type": "type", "value": 2256}, {"type": "addr", "value": 65707}]]}
[2022-06-11 16:37:02] [message_payload] [response] {"event":0,"id":21,"payload":{"addrs":[],"aliases":{}},"status":1}
[2022-06-11 16:37:02] [frame_header] Dispatching write containing 1 message(s) containing 2 header bytes and 66 payload bytes
[2022-06-11 16:37:02] [frame_header] Header Bytes: 
[0] (2) 81 42 

[2022-06-11 16:37:02] [frame_payload] Payload Bytes: 
[0] (66) [1] {"event":0,"id":21,"payload":{"addrs":[],"aliases":{}},"status":1}

[2022-06-11 16:37:03] [message_payload] [request] {"id": 22, "type": "search_template", "payload": [[{"type": "addr", "value": 65676}, {"type": "type", "value": 2256}, {"type": "addr", "value": 65707}]]}
[2022-06-11 16:37:03] [message_payload] [response] {"event":0,"id":22,"payload":{"addrs":[],"aliases":{}},"status":1}
[2022-06-11 16:37:03] [frame_header] Dispatching write containing 1 message(s) containing 2 header bytes and 66 payload bytes
[2022-06-11 16:37:03] [frame_header] Header Bytes: 
[0] (2) 81 42 

[2022-06-11 16:37:03] [frame_payload] Payload Bytes: 
[0] (66) [1] {"event":0,"id":22,"payload":{"addrs":[],"aliases":{}},"status":1}

[2022-06-11 16:37:03] [message_payload] [request] {"id": 23, "type": "search_template", "payload": [[{"type": "addr", "value": 65676}, {"type": "type", "value": 2256}, {"type": "addr", "value": 65707}]]}
[2022-06-11 16:37:03] [message_payload] [response] {"event":0,"id":23,"payload":{"addrs":[],"aliases":{}},"status":1}
[2022-06-11 16:37:03] [frame_header] Dispatching write containing 1 message(s) containing 2 header bytes and 66 payload bytes
[2022-06-11 16:37:03] [frame_header] Header Bytes: 
[0] (2) 81 42 

[2022-06-11 16:37:03] [frame_payload] Payload Bytes: 
[0] (66) [1] {"event":0,"id":23,"payload":{"addrs":[],"aliases":{}},"status":1}

[2022-06-11 16:37:04] [message_payload] [request] {"id": 24, "type": "search_template", "payload": [[{"type": "addr", "value": 65676}, {"type": "type", "value": 2256}, {"type": "addr", "value": 65707}]]}
[2022-06-11 16:37:04] [message_payload] [response] {"event":0,"id":24,"payload":{"addrs":[],"aliases":{}},"status":1}
[2022-06-11 16:37:04] [frame_header] Dispatching write containing 1 message(s) containing 2 header bytes and 66 payload bytes
[2022-06-11 16:37:04] [frame_header] Header Bytes: 
[0] (2) 81 42 

[2022-06-11 16:37:04] [frame_payload] Payload Bytes: 
[0] (66) [1] {"event":0,"id":24,"payload":{"addrs":[],"aliases":{}},"status":1}

[2022-06-11 16:37:04] [message_payload] [request] {"id": 25, "type": "search_template", "payload": [[{"type": "addr", "value": 65676}, {"type": "type", "value": 2256}, {"type": "addr", "value": 65707}]]}
[2022-06-11 16:37:04] [message_payload] [response] {"event":0,"id":25,"payload":{"addrs":[],"aliases":{}},"status":1}
[2022-06-11 16:37:04] [frame_header] Dispatching write containing 1 message(s) containing 2 header bytes and 66 payload bytes
[2022-06-11 16:37:04] [frame_header] Header Bytes: 
[0] (2) 81 42 

[2022-06-11 16:37:04] [frame_payload] Payload Bytes: 
[0] (66) [1] {"event":0,"id":25,"payload":{"addrs":[],"aliases":{}},"status":1}

[2022-06-11 16:37:05] [message_payload] [request] {"id": 26, "type": "search_template", "payload": [[{"type": "addr", "value": 65676}, {"type": "type", "value": 2256}, {"type": "addr", "value": 65707}]]}
[2022-06-11 16:37:05] [message_payload] [response] {"event":0,"id":26,"payload":{"addrs":[],"aliases":{}},"status":1}
[2022-06-11 16:37:05] [frame_header] Dispatching write containing 1 message(s) containing 2 header bytes and 66 payload bytes
[2022-06-11 16:37:05] [frame_header] Header Bytes: 
[0] (2) 81 42 

[2022-06-11 16:37:05] [frame_payload] Payload Bytes: 
[0] (66) [1] {"event":0,"id":26,"payload":{"addrs":[],"aliases":{}},"status":1}

[2022-06-11 16:37:07] [message_payload] [request] {"id": 27, "type": "search_template", "payload": [[{"type": "addr", "value": 65676}, {"type": "type", "value": 2256}, {"type": "addr", "value": 65707}]]}
[2022-06-11 16:37:07] [message_payload] [response] {"event":0,"id":27,"payload":{"addrs":[],"aliases":{}},"status":1}
[2022-06-11 16:37:07] [frame_header] Dispatching write containing 1 message(s) containing 2 header bytes and 66 payload bytes
[2022-06-11 16:37:07] [frame_header] Header Bytes: 
[0] (2) 81 42 

[2022-06-11 16:37:07] [frame_payload] Payload Bytes: 
[0] (66) [1] {"event":0,"id":27,"payload":{"addrs":[],"aliases":{}},"status":1}

[2022-06-11 16:37:07] [message_payload] [request] {"id": 28, "type": "search_template", "payload": [[{"type": "addr", "value": 65676}, {"type": "type", "value": 2256}, {"type": "addr", "value": 65707}]]}
[2022-06-11 16:37:07] [message_payload] [response] {"event":0,"id":28,"payload":{"addrs":[],"aliases":{}},"status":1}
[2022-06-11 16:37:07] [frame_header] Dispatching write containing 1 message(s) containing 2 header bytes and 66 payload bytes
[2022-06-11 16:37:07] [frame_header] Header Bytes: 
[0] (2) 81 42 

[2022-06-11 16:37:07] [frame_payload] Payload Bytes: 
[0] (66) [1] {"event":0,"id":28,"payload":{"addrs":[],"aliases":{}},"status":1}

[2022-06-11 16:37:07] [message_payload] [request] {"id": 29, "type": "keynodes", "payload": [{"command": "find", "idtf": "question_finished_successfully"}]}
[2022-06-11 16:37:07] [message_payload] [response] {"event":0,"id":29,"payload":[65804],"status":1}
[2022-06-11 16:37:07] [frame_header] Dispatching write containing 1 message(s) containing 2 header bytes and 48 payload bytes
[2022-06-11 16:37:07] [frame_header] Header Bytes: 
[0] (2) 81 30 

[2022-06-11 16:37:07] [frame_payload] Payload Bytes: 
[0] (48) [1] {"event":0,"id":29,"payload":[65804],"status":1}

[2022-06-11 16:37:07] [message_payload] [request] {"id": 30, "type": "search_template", "payload": [[{"type": "addr", "value": 65804}, {"type": "type", "value": 2256}, {"type": "addr", "value": 65707}]]}
[2022-06-11 16:37:07] [message_payload] [response] {"event":0,"id":30,"payload":{"addrs":[],"aliases":{}},"status":1}
[2022-06-11 16:37:07] [frame_header] Dispatching write containing 1 message(s) containing 2 header bytes and 66 payload bytes
[2022-06-11 16:37:07] [frame_header] Header Bytes: 
[0] (2) 81 42 

[2022-06-11 16:37:07] [frame_payload] Payload Bytes: 
[0] (66) [1] {"event":0,"id":30,"payload":{"addrs":[],"aliases":{}},"status":1}

[2022-06-11 16:37:07] [message_payload] [request] {"id": 31, "type": "keynodes", "payload": [{"command": "find", "idtf": "question_finished_unsuccessfully"}]}
[2022-06-11 16:37:07] [message_payload] [response] {"event":0,"id":31,"payload":[65932],"status":1}
[2022-06-11 16:37:07] [frame_header] Dispatching write containing 1 message(s) containing 2 header bytes and 48 payload bytes
[2022-06-11 16:37:07] [frame_header] Header Bytes: 
[0] (2) 81 30 

[2022-06-11 16:37:07] [frame_payload] Payload Bytes: 
[0] (48) [1] {"event":0,"id":31,"payload":[65932],"status":1}

[2022-06-11 16:37:07] [message_payload] [request] {"id": 32, "type": "search_template", "payload": [[{"type": "addr", "value": 65932}, {"type": "type", "value": 2256}, {"type": "addr", "value": 65707}]]}
[2022-06-11 16:37:07] [message_payload] [response] {"event":0,"id":32,"payload":{"addrs":[],"aliases":{}},"status":1}
[2022-06-11 16:37:07] [frame_header] Dispatching write containing 1 message(s) containing 2 header bytes and 66 payload bytes
[2022-06-11 16:37:07] [frame_header] Header Bytes: 
[0] (2) 81 42 

[2022-06-11 16:37:07] [frame_payload] Payload Bytes: 
[0] (66) [1] {"event":0,"id":32,"payload":{"addrs":[],"aliases":{}},"status":1}

[2022-06-11 16:37:07] [message_payload] [request] {"id": 33, "type": "search_template", "payload": [[{"type": "addr", "value": 44839}, {"type": "type", "value": 2256}, {"type": "addr", "value": 65707}]]}
[2022-06-11 16:37:07] [message_payload] [response] {"event":0,"id":33,"payload":{"addrs":[[44839,65771,65707]],"aliases":{}},"status":1}
[2022-06-11 16:37:07] [frame_header] Dispatching write containing 1 message(s) containing 2 header bytes and 85 payload bytes
[2022-06-11 16:37:07] [frame_header] Header Bytes: 
[0] (2) 81 55 

[2022-06-11 16:37:07] [frame_payload] Payload Bytes: 
[0] (85) [1] {"event":0,"id":33,"payload":{"addrs":[[44839,65771,65707]],"aliases":{}},"status":1}

[2022-06-11 16:37:07] [message_payload] [request] {"id": 34, "type": "search_template", "payload": [[{"type": "addr", "value": 65548}, {"type": "type", "value": 2256}, {"type": "addr", "value": 65707}]]}
[2022-06-11 16:37:07] [message_payload] [response] {"event":0,"id":34,"payload":{"addrs":[[65548,65867,65707]],"aliases":{}},"status":1}
[2022-06-11 16:37:07] [frame_header] Dispatching write containing 1 message(s) containing 2 header bytes and 85 payload bytes
[2022-06-11 16:37:07] [frame_header] Header Bytes: 
[0] (2) 81 55 

[2022-06-11 16:37:07] [frame_payload] Payload Bytes: 
[0] (85) [1] {"event":0,"id":34,"payload":{"addrs":[[65548,65867,65707]],"aliases":{}},"status":1}

[2022-06-11 16:37:07] [message_payload] [request] {"id": 35, "type": "search_template", "payload": [[{"type": "addr", "value": 65676}, {"type": "type", "value": 2256}, {"type": "addr", "value": 65707}]]}
[2022-06-11 16:37:07] [message_payload] [response] {"event":0,"id":35,"payload":{"addrs":[],"aliases":{}},"status":1}
[2022-06-11 16:37:07] [frame_header] Dispatching write containing 1 message(s) containing 2 header bytes and 66 payload bytes
[2022-06-11 16:37:07] [frame_header] Header Bytes: 
[0] (2) 81 42 

[2022-06-11 16:37:07] [frame_payload] Payload Bytes: 
[0] (66) [1] {"event":0,"id":35,"payload":{"addrs":[],"aliases":{}},"status":1}

[2022-06-11 16:37:08] [message_payload] [event] {"id": 36, "type": "events", "payload": {"delete": [3]}}
[2022-06-11 16:37:08] [message_payload] [event response] {"event":0,"id":36,"payload":[3],"status":1}
[2022-06-11 16:37:08] [frame_header] Dispatching write containing 1 message(s) containing 2 header bytes and 44 payload bytes
[2022-06-11 16:37:08] [frame_header] Header Bytes: 
[0] (2) 81 2C 

[2022-06-11 16:37:08] [frame_payload] Payload Bytes: 
[0] (44) [1] {"event":0,"id":36,"payload":[3],"status":1}

[2022-06-11 16:37:08] [message_payload] [event] {"id": 37, "type": "events", "payload": {"delete": [4]}}
[2022-06-11 16:37:08] [message_payload] [event response] {"event":0,"id":37,"payload":[4],"status":1}
[2022-06-11 16:37:08] [frame_header] Dispatching write containing 1 message(s) containing 2 header bytes and 44 payload bytes
[2022-06-11 16:37:08] [frame_header] Header Bytes: 
[0] (2) 81 2C 

[2022-06-11 16:37:08] [frame_payload] Payload Bytes: 
[0] (44) [1] {"event":0,"id":37,"payload":[4],"status":1}

[2022-06-11 16:37:08] [message_payload] [event] {"id": 38, "type": "events", "payload": {"delete": [5]}}
[2022-06-11 16:37:08] [message_payload] [event response] {"event":0,"id":38,"payload":[5],"status":1}
[2022-06-11 16:37:08] [frame_header] Dispatching write containing 1 message(s) containing 2 header bytes and 44 payload bytes
[2022-06-11 16:37:08] [frame_header] Header Bytes: 
[0] (2) 81 2C 

[2022-06-11 16:37:08] [frame_payload] Payload Bytes: 
[0] (44) [1] {"event":0,"id":38,"payload":[5],"status":1}

[2022-06-11 16:37:08] [control] Control frame received with opcode 8
[2022-06-11 16:37:08] [frame_header] Dispatching write containing 1 message(s) containing 2 header bytes and 2 payload bytes
[2022-06-11 16:37:08] [frame_header] Header Bytes: 
[0] (2) 88 02 

[2022-06-11 16:37:08] [frame_payload] Payload Bytes: 
[0] (2) [8] 03 E8 

[2022-06-11 16:37:08] [disconnect] Disconnect close local:[1000] remote:[1000]
[2022-06-11 16:37:21] [disconnect] Disconnect close local:[1006,End of File] remote:[1006]
