This is pdfTeX, Version 3.14159265-2.6-1.40.20 (TeX Live 2019/Debian) (preloaded format=pdflatex 2022.6.21)  4 JUL 2022 18:51
entering extended mode
 restricted \write18 enabled.
 %&-line parsing enabled.
**sc_network.tex
(./sc_network.tex
LaTeX2e <2020-02-02> patch level 2
L3 programming layer <2020-02-14>
! Undefined control sequence.
l.1 \scnsegmentheader
                     {–û–ø–∏—Å–∞–Ω–∏–µ —Ä–µ–∞–ª–∏–∑–∞—Ü–∏–∏ –ø–æ–¥—Å–∏—Å—Ç–µ...
The control sequence at the end of the top line
of your error message was never \def'ed. If you have
misspelled it (e.g., `\hobx'), type `I' and the correct
spelling (e.g., `I\hbox'). Otherwise just continue,
and I'll forget about whatever was undefined.


! Package inputenc Error: Unicode character –û (U+041E)
(inputenc)                not set up for use with LaTeX.

See the inputenc package documentation for explanation.
Type  H <return>  for immediate help.
 ...                                              
                                                  
l.1 \scnsegmentheader{–û
                        –ø–∏—Å–∞–Ω–∏–µ —Ä–µ–∞–ª–∏–∑–∞—Ü–∏–∏ –ø–æ–¥—Å–∏—Å—Ç–µ...

You may provide a definition with
\DeclareUnicodeCharacter 


! Package inputenc Error: Unicode character –ø (U+043F)
(inputenc)                not set up for use with LaTeX.

See the inputenc package documentation for explanation.
Type  H <return>  for immediate help.
 ...                                              
                                                  
l.1 \scnsegmentheader{–û–ø
                          –∏—Å–∞–Ω–∏–µ —Ä–µ–∞–ª–∏–∑–∞—Ü–∏–∏ –ø–æ–¥—Å–∏—Å—Ç–µ...

You may provide a definition with
\DeclareUnicodeCharacter 


! Package inputenc Error: Unicode character –∏ (U+0438)
(inputenc)                not set up for use with LaTeX.

See the inputenc package documentation for explanation.
Type  H <return>  for immediate help.
 ...                                              
                                                  
l.1 \scnsegmentheader{–û–ø–∏
                            —Å–∞–Ω–∏–µ —Ä–µ–∞–ª–∏–∑–∞—Ü–∏–∏ –ø–æ–¥—Å–∏—Å—Ç–µ...

You may provide a definition with
\DeclareUnicodeCharacter 


! Package inputenc Error: Unicode character —Å (U+0441)
(inputenc)                not set up for use with LaTeX.

See the inputenc package documentation for explanation.
Type  H <return>  for immediate help.
 ...                                              
                                                  
l.1 \scnsegmentheader{–û–ø–∏—Å
                              –∞–Ω–∏–µ —Ä–µ–∞–ª–∏–∑–∞—Ü–∏–∏ –ø–æ–¥—Å–∏—Å—Ç–µ...

You may provide a definition with
\DeclareUnicodeCharacter 


! Package inputenc Error: Unicode character –∞ (U+0430)
(inputenc)                not set up for use with LaTeX.

See the inputenc package documentation for explanation.
Type  H <return>  for immediate help.
 ...                                              
                                                  
l.1 \scnsegmentheader{–û–ø–∏—Å–∞
                                –Ω–∏–µ —Ä–µ–∞–ª–∏–∑–∞—Ü–∏–∏ –ø–æ–¥—Å–∏—Å—Ç–µ...

You may provide a definition with
\DeclareUnicodeCharacter 


! Package inputenc Error: Unicode character –Ω (U+043D)
(inputenc)                not set up for use with LaTeX.

See the inputenc package documentation for explanation.
Type  H <return>  for immediate help.
 ...                                              
                                                  
l.1 \scnsegmentheader{–û–ø–∏—Å–∞–Ω
                                  –∏–µ —Ä–µ–∞–ª–∏–∑–∞—Ü–∏–∏ –ø–æ–¥—Å–∏—Å—Ç–µ...

You may provide a definition with
\DeclareUnicodeCharacter 


! Package inputenc Error: Unicode character –∏ (U+0438)
(inputenc)                not set up for use with LaTeX.

See the inputenc package documentation for explanation.
Type  H <return>  for immediate help.
 ...                                              
                                                  
l.1 \scnsegmentheader{–û–ø–∏—Å–∞–Ω–∏
                                    –µ —Ä–µ–∞–ª–∏–∑–∞—Ü–∏–∏ –ø–æ–¥—Å–∏—Å—Ç–µ...

You may provide a definition with
\DeclareUnicodeCharacter 


! Package inputenc Error: Unicode character –µ (U+0435)
(inputenc)                not set up for use with LaTeX.

See the inputenc package documentation for explanation.
Type  H <return>  for immediate help.
 ...                                              
                                                  
l.1 \scnsegmentheader{–û–ø–∏—Å–∞–Ω–∏–µ
                                       —Ä–µ–∞–ª–∏–∑–∞—Ü–∏–∏ –ø–æ–¥—Å–∏—Å—Ç–µ...

You may provide a definition with
\DeclareUnicodeCharacter 


! Package inputenc Error: Unicode character —Ä (U+0440)
(inputenc)                not set up for use with LaTeX.

See the inputenc package documentation for explanation.
Type  H <return>  for immediate help.
 ...                                              
                                                  
l.1 \scnsegmentheader{–û–ø–∏—Å–∞–Ω–∏–µ —Ä
                                         –µ–∞–ª–∏–∑–∞—Ü–∏–∏ –ø–æ–¥—Å–∏—Å—Ç–µ...

You may provide a definition with
\DeclareUnicodeCharacter 


! Package inputenc Error: Unicode character –µ (U+0435)
(inputenc)                not set up for use with LaTeX.

See the inputenc package documentation for explanation.
Type  H <return>  for immediate help.
 ...                                              
                                                  
l.1 \scnsegmentheader{–û–ø–∏—Å–∞–Ω–∏–µ —Ä–µ
                                           –∞–ª–∏–∑–∞—Ü–∏–∏ –ø–æ–¥—Å–∏—Å—Ç–µ...

You may provide a definition with
\DeclareUnicodeCharacter 


! Package inputenc Error: Unicode character –∞ (U+0430)
(inputenc)                not set up for use with LaTeX.

See the inputenc package documentation for explanation.
Type  H <return>  for immediate help.
 ...                                              
                                                  
l.1 \scnsegmentheader{–û–ø–∏—Å–∞–Ω–∏–µ —Ä–µ–∞
                                             –ª–∏–∑–∞—Ü–∏–∏ –ø–æ–¥—Å–∏—Å—Ç–µ...

You may provide a definition with
\DeclareUnicodeCharacter 


! Package inputenc Error: Unicode character –ª (U+043B)
(inputenc)                not set up for use with LaTeX.

See the inputenc package documentation for explanation.
Type  H <return>  for immediate help.
 ...                                              
                                                  
l.1 \scnsegmentheader{–û–ø–∏—Å–∞–Ω–∏–µ —Ä–µ–∞–ª
                                               –∏–∑–∞—Ü–∏–∏ –ø–æ–¥—Å–∏—Å—Ç–µ...

You may provide a definition with
\DeclareUnicodeCharacter 


! Package inputenc Error: Unicode character –∏ (U+0438)
(inputenc)                not set up for use with LaTeX.

See the inputenc package documentation for explanation.
Type  H <return>  for immediate help.
 ...                                              
                                                  
l.1 \scnsegmentheader{–û–ø–∏—Å–∞–Ω–∏–µ —Ä–µ–∞–ª–∏
                                                 –∑–∞—Ü–∏–∏ –ø–æ–¥—Å–∏—Å—Ç–µ...

You may provide a definition with
\DeclareUnicodeCharacter 


! Package inputenc Error: Unicode character –∑ (U+0437)
(inputenc)                not set up for use with LaTeX.

See the inputenc package documentation for explanation.
Type  H <return>  for immediate help.
 ...                                              
                                                  
l.1 ...segmentheader{–û–ø–∏—Å–∞–Ω–∏–µ —Ä–µ–∞–ª–∏–∑
                                                  –∞—Ü–∏–∏ –ø–æ–¥—Å–∏—Å—Ç–µ–...

You may provide a definition with
\DeclareUnicodeCharacter 


! Package inputenc Error: Unicode character –∞ (U+0430)
(inputenc)                not set up for use with LaTeX.

See the inputenc package documentation for explanation.
Type  H <return>  for immediate help.
 ...                                              
                                                  
l.1 ...gmentheader{–û–ø–∏—Å–∞–Ω–∏–µ —Ä–µ–∞–ª–∏–∑–∞
                                                  —Ü–∏–∏ –ø–æ–¥—Å–∏—Å—Ç–µ–º—...

You may provide a definition with
\DeclareUnicodeCharacter 


! Package inputenc Error: Unicode character —Ü (U+0446)
(inputenc)                not set up for use with LaTeX.

See the inputenc package documentation for explanation.
Type  H <return>  for immediate help.
 ...                                              
                                                  
l.1 ...entheader{–û–ø–∏—Å–∞–Ω–∏–µ —Ä–µ–∞–ª–∏–∑–∞—Ü
                                                  –∏–∏ –ø–æ–¥—Å–∏—Å—Ç–µ–º—ã ...

You may provide a definition with
\DeclareUnicodeCharacter 


! Package inputenc Error: Unicode character –∏ (U+0438)
(inputenc)                not set up for use with LaTeX.

See the inputenc package documentation for explanation.
Type  H <return>  for immediate help.
 ...                                              
                                                  
l.1 ...theader{–û–ø–∏—Å–∞–Ω–∏–µ —Ä–µ–∞–ª–∏–∑–∞—Ü–∏
                                                  –∏ –ø–æ–¥—Å–∏—Å—Ç–µ–º—ã –≤...

You may provide a definition with
\DeclareUnicodeCharacter 


! Package inputenc Error: Unicode character –∏ (U+0438)
(inputenc)                not set up for use with LaTeX.

See the inputenc package documentation for explanation.
Type  H <return>  for immediate help.
 ...                                              
                                                  
l.1 ...eader{–û–ø–∏—Å–∞–Ω–∏–µ —Ä–µ–∞–ª–∏–∑–∞—Ü–∏–∏
                                                   –ø–æ–¥—Å–∏—Å—Ç–µ–º—ã –≤–∑...

You may provide a definition with
\DeclareUnicodeCharacter 


! Package inputenc Error: Unicode character –ø (U+043F)
(inputenc)                not set up for use with LaTeX.

See the inputenc package documentation for explanation.
Type  H <return>  for immediate help.
 ...                                              
                                                  
l.1 ...er{–û–ø–∏—Å–∞–Ω–∏–µ —Ä–µ–∞–ª–∏–∑–∞—Ü–∏–∏ –ø
                                                  –æ–¥—Å–∏—Å—Ç–µ–º—ã –≤–∑–∞–...

You may provide a definition with
\DeclareUnicodeCharacter 


! Package inputenc Error: Unicode character –æ (U+043E)
(inputenc)                not set up for use with LaTeX.

See the inputenc package documentation for explanation.
Type  H <return>  for immediate help.
 ...                                              
                                                  
l.1 ...{–û–ø–∏—Å–∞–Ω–∏–µ —Ä–µ–∞–ª–∏–∑–∞—Ü–∏–∏ –ø–æ
                                                  –¥—Å–∏—Å—Ç–µ–º—ã –≤–∑–∞–∏–...

You may provide a definition with
\DeclareUnicodeCharacter 


! Package inputenc Error: Unicode character –¥ (U+0434)
(inputenc)                not set up for use with LaTeX.

See the inputenc package documentation for explanation.
Type  H <return>  for immediate help.
 ...                                              
                                                  
l.1 ...û–ø–∏—Å–∞–Ω–∏–µ —Ä–µ–∞–ª–∏–∑–∞—Ü–∏–∏ –ø–æ–¥
                                                  —Å–∏—Å—Ç–µ–º—ã –≤–∑–∞–∏–º–...

You may provide a definition with
\DeclareUnicodeCharacter 


! Package inputenc Error: Unicode character —Å (U+0441)
(inputenc)                not set up for use with LaTeX.

See the inputenc package documentation for explanation.
Type  H <return>  for immediate help.
 ...                                              
                                                  
l.1 ...ø–∏—Å–∞–Ω–∏–µ —Ä–µ–∞–ª–∏–∑–∞—Ü–∏–∏ –ø–æ–¥—Å
                                                  –∏—Å—Ç–µ–º—ã –≤–∑–∞–∏–º–æ–...

You may provide a definition with
\DeclareUnicodeCharacter 


! Package inputenc Error: Unicode character –∏ (U+0438)
(inputenc)                not set up for use with LaTeX.

See the inputenc package documentation for explanation.
Type  H <return>  for immediate help.
 ...                                              
                                                  
l.1 ...∏—Å–∞–Ω–∏–µ —Ä–µ–∞–ª–∏–∑–∞—Ü–∏–∏ –ø–æ–¥—Å–∏
                                                  —Å—Ç–µ–º—ã –≤–∑–∞–∏–º–æ–¥–...

You may provide a definition with
\DeclareUnicodeCharacter 


! Package inputenc Error: Unicode character —Å (U+0441)
(inputenc)                not set up for use with LaTeX.

See the inputenc package documentation for explanation.
Type  H <return>  for immediate help.
 ...                                              
                                                  
l.1 ...Å–∞–Ω–∏–µ —Ä–µ–∞–ª–∏–∑–∞—Ü–∏–∏ –ø–æ–¥—Å–∏—Å
                                                  —Ç–µ–º—ã –≤–∑–∞–∏–º–æ–¥–µ–...

You may provide a definition with
\DeclareUnicodeCharacter 


! Package inputenc Error: Unicode character —Ç (U+0442)
(inputenc)                not set up for use with LaTeX.

See the inputenc package documentation for explanation.
Type  H <return>  for immediate help.
 ...                                              
                                                  
l.1 ...∞–Ω–∏–µ —Ä–µ–∞–ª–∏–∑–∞—Ü–∏–∏ –ø–æ–¥—Å–∏—Å—Ç
                                                  –µ–º—ã –≤–∑–∞–∏–º–æ–¥–µ–π—...

You may provide a definition with
\DeclareUnicodeCharacter 


! Package inputenc Error: Unicode character –µ (U+0435)
(inputenc)                not set up for use with LaTeX.

See the inputenc package documentation for explanation.
Type  H <return>  for immediate help.
 ...                                              
                                                  
l.1 ...Ω–∏–µ —Ä–µ–∞–ª–∏–∑–∞—Ü–∏–∏ –ø–æ–¥—Å–∏—Å—Ç–µ
                                                  –º—ã –≤–∑–∞–∏–º–æ–¥–µ–π—Å—...

You may provide a definition with
\DeclareUnicodeCharacter 


! Package inputenc Error: Unicode character –º (U+043C)
(inputenc)                not set up for use with LaTeX.

See the inputenc package documentation for explanation.
Type  H <return>  for immediate help.
 ...                                              
                                                  
l.1 ...∏–µ —Ä–µ–∞–ª–∏–∑–∞—Ü–∏–∏ –ø–æ–¥—Å–∏—Å—Ç–µ–º
                                                  —ã –≤–∑–∞–∏–º–æ–¥–µ–π—Å—Ç–...

You may provide a definition with
\DeclareUnicodeCharacter 


! Package inputenc Error: Unicode character —ã (U+044B)
(inputenc)                not set up for use with LaTeX.

See the inputenc package documentation for explanation.
Type  H <return>  for immediate help.
 ...                                              
                                                  
l.1 ...µ —Ä–µ–∞–ª–∏–∑–∞—Ü–∏–∏ –ø–æ–¥—Å–∏—Å—Ç–µ–º—ã
                                                   –≤–∑–∞–∏–º–æ–¥–µ–π—Å—Ç–≤–...

You may provide a definition with
\DeclareUnicodeCharacter 


! Package inputenc Error: Unicode character –≤ (U+0432)
(inputenc)                not set up for use with LaTeX.

See the inputenc package documentation for explanation.
Type  H <return>  for immediate help.
 ...                                              
                                                  
l.1 ...Ä–µ–∞–ª–∏–∑–∞—Ü–∏–∏ –ø–æ–¥—Å–∏—Å—Ç–µ–º—ã –≤
                                                  –∑–∞–∏–º–æ–¥–µ–π—Å—Ç–≤–∏—è...

You may provide a definition with
\DeclareUnicodeCharacter 


! Package inputenc Error: Unicode character –∑ (U+0437)
(inputenc)                not set up for use with LaTeX.

See the inputenc package documentation for explanation.
Type  H <return>  for immediate help.
 ...                                              
                                                  
l.1 ...µ–∞–ª–∏–∑–∞—Ü–∏–∏ –ø–æ–¥—Å–∏—Å—Ç–µ–º—ã –≤–∑
                                                  –∞–∏–º–æ–¥–µ–π—Å—Ç–≤–∏—è —...

You may provide a definition with
\DeclareUnicodeCharacter 


! Package inputenc Error: Unicode character –∞ (U+0430)
(inputenc)                not set up for use with LaTeX.

See the inputenc package documentation for explanation.
Type  H <return>  for immediate help.
 ...                                              
                                                  
l.1 ...∞–ª–∏–∑–∞—Ü–∏–∏ –ø–æ–¥—Å–∏—Å—Ç–µ–º—ã –≤–∑–∞
                                                  –∏–º–æ–¥–µ–π—Å—Ç–≤–∏—è —Å ...

You may provide a definition with
\DeclareUnicodeCharacter 


! Package inputenc Error: Unicode character –∏ (U+0438)
(inputenc)                not set up for use with LaTeX.

See the inputenc package documentation for explanation.
Type  H <return>  for immediate help.
 ...                                              
                                                  
l.1 ...ª–∏–∑–∞—Ü–∏–∏ –ø–æ–¥—Å–∏—Å—Ç–µ–º—ã –≤–∑–∞–∏
                                                  –º–æ–¥–µ–π—Å—Ç–≤–∏—è —Å –≤...

You may provide a definition with
\DeclareUnicodeCharacter 


! Package inputenc Error: Unicode character –º (U+043C)
(inputenc)                not set up for use with LaTeX.

See the inputenc package documentation for explanation.
Type  H <return>  for immediate help.
 ...                                              
                                                  
l.1 ...∏–∑–∞—Ü–∏–∏ –ø–æ–¥—Å–∏—Å—Ç–µ–º—ã –≤–∑–∞–∏–º
                                                  –æ–¥–µ–π—Å—Ç–≤–∏—è —Å –≤–Ω...

You may provide a definition with
\DeclareUnicodeCharacter 


! Package inputenc Error: Unicode character –æ (U+043E)
(inputenc)                not set up for use with LaTeX.

See the inputenc package documentation for explanation.
Type  H <return>  for immediate help.
 ...                                              
                                                  
l.1 ...∑–∞—Ü–∏–∏ –ø–æ–¥—Å–∏—Å—Ç–µ–º—ã –≤–∑–∞–∏–º–æ
                                                  –¥–µ–π—Å—Ç–≤–∏—è —Å –≤–Ω–µ...

You may provide a definition with
\DeclareUnicodeCharacter 


! Package inputenc Error: Unicode character –¥ (U+0434)
(inputenc)                not set up for use with LaTeX.

See the inputenc package documentation for explanation.
Type  H <return>  for immediate help.
 ...                                              
                                                  
l.1 ...∞—Ü–∏–∏ –ø–æ–¥—Å–∏—Å—Ç–µ–º—ã –≤–∑–∞–∏–º–æ–¥
                                                  –µ–π—Å—Ç–≤–∏—è —Å –≤–Ω–µ—à...

You may provide a definition with
\DeclareUnicodeCharacter 


! Package inputenc Error: Unicode character –µ (U+0435)
(inputenc)                not set up for use with LaTeX.

See the inputenc package documentation for explanation.
Type  H <return>  for immediate help.
 ...                                              
                                                  
l.1 ...Ü–∏–∏ –ø–æ–¥—Å–∏—Å—Ç–µ–º—ã –≤–∑–∞–∏–º–æ–¥–µ
                                                  –π—Å—Ç–≤–∏—è —Å –≤–Ω–µ—à–Ω...

You may provide a definition with
\DeclareUnicodeCharacter 


! Package inputenc Error: Unicode character –π (U+0439)
(inputenc)                not set up for use with LaTeX.

See the inputenc package documentation for explanation.
Type  H <return>  for immediate help.
 ...                                              
                                                  
l.1 ...∏–∏ –ø–æ–¥—Å–∏—Å—Ç–µ–º—ã –≤–∑–∞–∏–º–æ–¥–µ–π
                                                  —Å—Ç–≤–∏—è —Å –≤–Ω–µ—à–Ω–µ...

You may provide a definition with
\DeclareUnicodeCharacter 


! Package inputenc Error: Unicode character —Å (U+0441)
(inputenc)                not set up for use with LaTeX.

See the inputenc package documentation for explanation.
Type  H <return>  for immediate help.
 ...                                              
                                                  
l.1 ...∏ –ø–æ–¥—Å–∏—Å—Ç–µ–º—ã –≤–∑–∞–∏–º–æ–¥–µ–π—Å
                                                  —Ç–≤–∏—è —Å –≤–Ω–µ—à–Ω–µ–π...

You may provide a definition with
\DeclareUnicodeCharacter 


! Package inputenc Error: Unicode character —Ç (U+0442)
(inputenc)                not set up for use with LaTeX.

See the inputenc package documentation for explanation.
Type  H <return>  for immediate help.
 ...                                              
                                                  
l.1 ...–ø–æ–¥—Å–∏—Å—Ç–µ–º—ã –≤–∑–∞–∏–º–æ–¥–µ–π—Å—Ç
                                                  –≤–∏—è —Å –≤–Ω–µ—à–Ω–µ–π —...

You may provide a definition with
\DeclareUnicodeCharacter 


! Package inputenc Error: Unicode character –≤ (U+0432)
(inputenc)                not set up for use with LaTeX.

See the inputenc package documentation for explanation.
Type  H <return>  for immediate help.
 ...                                              
                                                  
l.1 ...–æ–¥—Å–∏—Å—Ç–µ–º—ã –≤–∑–∞–∏–º–æ–¥–µ–π—Å—Ç–≤
                                                  –∏—è —Å –≤–Ω–µ—à–Ω–µ–π —Å—...

You may provide a definition with
\DeclareUnicodeCharacter 


! Package inputenc Error: Unicode character –∏ (U+0438)
(inputenc)                not set up for use with LaTeX.

See the inputenc package documentation for explanation.
Type  H <return>  for immediate help.
 ...                                              
                                                  
l.1 ...–¥—Å–∏—Å—Ç–µ–º—ã –≤–∑–∞–∏–º–æ–¥–µ–π—Å—Ç–≤–∏
                                                  —è —Å –≤–Ω–µ—à–Ω–µ–π —Å—Ä–...

You may provide a definition with
\DeclareUnicodeCharacter 


! Package inputenc Error: Unicode character —è (U+044F)
(inputenc)                not set up for use with LaTeX.

See the inputenc package documentation for explanation.
Type  H <return>  for immediate help.
 ...                                              
                                                  
l.1 ...—Å–∏—Å—Ç–µ–º—ã –≤–∑–∞–∏–º–æ–¥–µ–π—Å—Ç–≤–∏—è
                                                   —Å –≤–Ω–µ—à–Ω–µ–π —Å—Ä–µ–...

You may provide a definition with
\DeclareUnicodeCharacter 


! Package inputenc Error: Unicode character —Å (U+0441)
(inputenc)                not set up for use with LaTeX.

See the inputenc package documentation for explanation.
Type  H <return>  for immediate help.
 ...                                              
                                                  
l.1 ...∏—Å—Ç–µ–º—ã –≤–∑–∞–∏–º–æ–¥–µ–π—Å—Ç–≤–∏—è —Å
                                                   –≤–Ω–µ—à–Ω–µ–π —Å—Ä–µ–¥–æ...

You may provide a definition with
\DeclareUnicodeCharacter 


! Package inputenc Error: Unicode character –≤ (U+0432)
(inputenc)                not set up for use with LaTeX.

See the inputenc package documentation for explanation.
Type  H <return>  for immediate help.
 ...                                              
                                                  
l.1 ...—Ç–µ–º—ã –≤–∑–∞–∏–º–æ–¥–µ–π—Å—Ç–≤–∏—è —Å –≤
                                                  –Ω–µ—à–Ω–µ–π —Å—Ä–µ–¥–æ–π ...

You may provide a definition with
\DeclareUnicodeCharacter 


! Package inputenc Error: Unicode character –Ω (U+043D)
(inputenc)                not set up for use with LaTeX.

See the inputenc package documentation for explanation.
Type  H <return>  for immediate help.
 ...                                              
                                                  
l.1 ...–µ–º—ã –≤–∑–∞–∏–º–æ–¥–µ–π—Å—Ç–≤–∏—è —Å –≤–Ω
                                                  –µ—à–Ω–µ–π —Å—Ä–µ–¥–æ–π —Å...

You may provide a definition with
\DeclareUnicodeCharacter 


! Package inputenc Error: Unicode character –µ (U+0435)
(inputenc)                not set up for use with LaTeX.

See the inputenc package documentation for explanation.
Type  H <return>  for immediate help.
 ...                                              
                                                  
l.1 ...–º—ã –≤–∑–∞–∏–º–æ–¥–µ–π—Å—Ç–≤–∏—è —Å –≤–Ω–µ
                                                  —à–Ω–µ–π —Å—Ä–µ–¥–æ–π —Å –...

You may provide a definition with
\DeclareUnicodeCharacter 


! Package inputenc Error: Unicode character —à (U+0448)
(inputenc)                not set up for use with LaTeX.

See the inputenc package documentation for explanation.
Type  H <return>  for immediate help.
 ...                                              
                                                  
l.1 ...—ã –≤–∑–∞–∏–º–æ–¥–µ–π—Å—Ç–≤–∏—è —Å –≤–Ω–µ—à
                                                  –Ω–µ–π —Å—Ä–µ–¥–æ–π —Å –∏—...

You may provide a definition with
\DeclareUnicodeCharacter 


! Package inputenc Error: Unicode character –Ω (U+043D)
(inputenc)                not set up for use with LaTeX.

See the inputenc package documentation for explanation.
Type  H <return>  for immediate help.
 ...                                              
                                                  
l.1 ... –≤–∑–∞–∏–º–æ–¥–µ–π—Å—Ç–≤–∏—è —Å –≤–Ω–µ—à–Ω
                                                  –µ–π —Å—Ä–µ–¥–æ–π —Å –∏—Å–...

You may provide a definition with
\DeclareUnicodeCharacter 


! Package inputenc Error: Unicode character –µ (U+0435)
(inputenc)                not set up for use with LaTeX.

See the inputenc package documentation for explanation.
Type  H <return>  for immediate help.
 ...                                              
                                                  
l.1 ...≤–∑–∞–∏–º–æ–¥–µ–π—Å—Ç–≤–∏—è —Å –≤–Ω–µ—à–Ω–µ
                                                  –π —Å—Ä–µ–¥–æ–π —Å –∏—Å–ø–...

You may provide a definition with
\DeclareUnicodeCharacter 


! Package inputenc Error: Unicode character –π (U+0439)
(inputenc)                not set up for use with LaTeX.

See the inputenc package documentation for explanation.
Type  H <return>  for immediate help.
 ...                                              
                                                  
l.1 ...∑–∞–∏–º–æ–¥–µ–π—Å—Ç–≤–∏—è —Å –≤–Ω–µ—à–Ω–µ–π
                                                   —Å—Ä–µ–¥–æ–π —Å –∏—Å–ø–æ–...

You may provide a definition with
\DeclareUnicodeCharacter 


! Package inputenc Error: Unicode character —Å (U+0441)
(inputenc)                not set up for use with LaTeX.

See the inputenc package documentation for explanation.
Type  H <return>  for immediate help.
 ...                                              
                                                  
l.1 ...–∏–º–æ–¥–µ–π—Å—Ç–≤–∏—è —Å –≤–Ω–µ—à–Ω–µ–π —Å
                                                  —Ä–µ–¥–æ–π —Å –∏—Å–ø–æ–ª—å...

You may provide a definition with
\DeclareUnicodeCharacter 


! Package inputenc Error: Unicode character —Ä (U+0440)
(inputenc)                not set up for use with LaTeX.

See the inputenc package documentation for explanation.
Type  H <return>  for immediate help.
 ...                                              
                                                  
l.1 ...–º–æ–¥–µ–π—Å—Ç–≤–∏—è —Å –≤–Ω–µ—à–Ω–µ–π —Å—Ä
                                                  –µ–¥–æ–π —Å –∏—Å–ø–æ–ª—å–∑...

You may provide a definition with
\DeclareUnicodeCharacter 


! Package inputenc Error: Unicode character –µ (U+0435)
(inputenc)                not set up for use with LaTeX.

See the inputenc package documentation for explanation.
Type  H <return>  for immediate help.
 ...                                              
                                                  
l.1 ...–æ–¥–µ–π—Å—Ç–≤–∏—è —Å –≤–Ω–µ—à–Ω–µ–π —Å—Ä–µ
                                                  –¥–æ–π —Å –∏—Å–ø–æ–ª—å–∑–æ...

You may provide a definition with
\DeclareUnicodeCharacter 


! Package inputenc Error: Unicode character –¥ (U+0434)
(inputenc)                not set up for use with LaTeX.

See the inputenc package documentation for explanation.
Type  H <return>  for immediate help.
 ...                                              
                                                  
l.1 ...–¥–µ–π—Å—Ç–≤–∏—è —Å –≤–Ω–µ—à–Ω–µ–π —Å—Ä–µ–¥
                                                  –æ–π —Å –∏—Å–ø–æ–ª—å–∑–æ–≤...

You may provide a definition with
\DeclareUnicodeCharacter 


! Package inputenc Error: Unicode character –æ (U+043E)
(inputenc)                not set up for use with LaTeX.

See the inputenc package documentation for explanation.
Type  H <return>  for immediate help.
 ...                                              
                                                  
l.1 ...–µ–π—Å—Ç–≤–∏—è —Å –≤–Ω–µ—à–Ω–µ–π —Å—Ä–µ–¥–æ
                                                  –π —Å –∏—Å–ø–æ–ª—å–∑–æ–≤–∞...

You may provide a definition with
\DeclareUnicodeCharacter 


! Package inputenc Error: Unicode character –π (U+0439)
(inputenc)                not set up for use with LaTeX.

See the inputenc package documentation for explanation.
Type  H <return>  for immediate help.
 ...                                              
                                                  
l.1 ...–π—Å—Ç–≤–∏—è —Å –≤–Ω–µ—à–Ω–µ–π —Å—Ä–µ–¥–æ–π
                                                   —Å –∏—Å–ø–æ–ª—å–∑–æ–≤–∞–Ω...

You may provide a definition with
\DeclareUnicodeCharacter 


! Package inputenc Error: Unicode character —Å (U+0441)
(inputenc)                not set up for use with LaTeX.

See the inputenc package documentation for explanation.
Type  H <return>  for immediate help.
 ...                                              
                                                  
l.1 ...Å—Ç–≤–∏—è —Å –≤–Ω–µ—à–Ω–µ–π —Å—Ä–µ–¥–æ–π —Å
                                                   –∏—Å–ø–æ–ª—å–∑–æ–≤–∞–Ω–∏–...

You may provide a definition with
\DeclareUnicodeCharacter 


! Package inputenc Error: Unicode character –∏ (U+0438)
(inputenc)                not set up for use with LaTeX.

See the inputenc package documentation for explanation.
Type  H <return>  for immediate help.
 ...                                              
                                                  
l.1 ...–≤–∏—è —Å –≤–Ω–µ—à–Ω–µ–π —Å—Ä–µ–¥–æ–π —Å –∏
                                                  —Å–ø–æ–ª—å–∑–æ–≤–∞–Ω–∏–µ–º...

You may provide a definition with
\DeclareUnicodeCharacter 


! Package inputenc Error: Unicode character —Å (U+0441)
(inputenc)                not set up for use with LaTeX.

See the inputenc package documentation for explanation.
Type  H <return>  for immediate help.
 ...                                              
                                                  
l.1 ...–∏—è —Å –≤–Ω–µ—à–Ω–µ–π —Å—Ä–µ–¥–æ–π —Å –∏—Å
                                                  –ø–æ–ª—å–∑–æ–≤–∞–Ω–∏–µ–º —...

You may provide a definition with
\DeclareUnicodeCharacter 


! Package inputenc Error: Unicode character –ø (U+043F)
(inputenc)                not set up for use with LaTeX.

See the inputenc package documentation for explanation.
Type  H <return>  for immediate help.
 ...                                              
                                                  
l.1 ...—è —Å –≤–Ω–µ—à–Ω–µ–π —Å—Ä–µ–¥–æ–π —Å –∏—Å–ø
                                                  –æ–ª—å–∑–æ–≤–∞–Ω–∏–µ–º —Å–...

You may provide a definition with
\DeclareUnicodeCharacter 


! Package inputenc Error: Unicode character –æ (U+043E)
(inputenc)                not set up for use with LaTeX.

See the inputenc package documentation for explanation.
Type  H <return>  for immediate help.
 ...                                              
                                                  
l.1 ... —Å –≤–Ω–µ—à–Ω–µ–π —Å—Ä–µ–¥–æ–π —Å –∏—Å–ø–æ
                                                  –ª—å–∑–æ–≤–∞–Ω–∏–µ–º —Å–µ—...

You may provide a definition with
\DeclareUnicodeCharacter 


! Package inputenc Error: Unicode character –ª (U+043B)
(inputenc)                not set up for use with LaTeX.

See the inputenc package documentation for explanation.
Type  H <return>  for immediate help.
 ...                                              
                                                  
l.1 ...Å –≤–Ω–µ—à–Ω–µ–π —Å—Ä–µ–¥–æ–π —Å –∏—Å–ø–æ–ª
                                                  —å–∑–æ–≤–∞–Ω–∏–µ–º —Å–µ—Ç–...

You may provide a definition with
\DeclareUnicodeCharacter 


! Package inputenc Error: Unicode character —å (U+044C)
(inputenc)                not set up for use with LaTeX.

See the inputenc package documentation for explanation.
Type  H <return>  for immediate help.
 ...                                              
                                                  
l.1 ...–≤–Ω–µ—à–Ω–µ–π —Å—Ä–µ–¥–æ–π —Å –∏—Å–ø–æ–ª—å
                                                  –∑–æ–≤–∞–Ω–∏–µ–º —Å–µ—Ç–µ–...

You may provide a definition with
\DeclareUnicodeCharacter 


! Package inputenc Error: Unicode character –∑ (U+0437)
(inputenc)                not set up for use with LaTeX.

See the inputenc package documentation for explanation.
Type  H <return>  for immediate help.
 ...                                              
                                                  
l.1 ...–Ω–µ—à–Ω–µ–π —Å—Ä–µ–¥–æ–π —Å –∏—Å–ø–æ–ª—å–∑
                                                  –æ–≤–∞–Ω–∏–µ–º —Å–µ—Ç–µ–≤—...

You may provide a definition with
\DeclareUnicodeCharacter 


! Package inputenc Error: Unicode character –æ (U+043E)
(inputenc)                not set up for use with LaTeX.

See the inputenc package documentation for explanation.
Type  H <return>  for immediate help.
 ...                                              
                                                  
l.1 ...–µ—à–Ω–µ–π —Å—Ä–µ–¥–æ–π —Å –∏—Å–ø–æ–ª—å–∑–æ
                                                  –≤–∞–Ω–∏–µ–º —Å–µ—Ç–µ–≤—ã—...

You may provide a definition with
\DeclareUnicodeCharacter 


! Package inputenc Error: Unicode character –≤ (U+0432)
(inputenc)                not set up for use with LaTeX.

See the inputenc package documentation for explanation.
Type  H <return>  for immediate help.
 ...                                              
                                                  
l.1 ...—à–Ω–µ–π —Å—Ä–µ–¥–æ–π —Å –∏—Å–ø–æ–ª—å–∑–æ–≤
                                                  –∞–Ω–∏–µ–º —Å–µ—Ç–µ–≤—ã—Ö ...

You may provide a definition with
\DeclareUnicodeCharacter 


! Package inputenc Error: Unicode character –∞ (U+0430)
(inputenc)                not set up for use with LaTeX.

See the inputenc package documentation for explanation.
Type  H <return>  for immediate help.
 ...                                              
                                                  
l.1 ...–Ω–µ–π —Å—Ä–µ–¥–æ–π —Å –∏—Å–ø–æ–ª—å–∑–æ–≤–∞
                                                  –Ω–∏–µ–º —Å–µ—Ç–µ–≤—ã—Ö —è...

You may provide a definition with
\DeclareUnicodeCharacter 


! Package inputenc Error: Unicode character –Ω (U+043D)
(inputenc)                not set up for use with LaTeX.

See the inputenc package documentation for explanation.
Type  H <return>  for immediate help.
 ...                                              
                                                  
l.1 ...–µ–π —Å—Ä–µ–¥–æ–π —Å –∏—Å–ø–æ–ª—å–∑–æ–≤–∞–Ω
                                                  –∏–µ–º —Å–µ—Ç–µ–≤—ã—Ö —è–∑...

You may provide a definition with
\DeclareUnicodeCharacter 


! Package inputenc Error: Unicode character –∏ (U+0438)
(inputenc)                not set up for use with LaTeX.

See the inputenc package documentation for explanation.
Type  H <return>  for immediate help.
 ...                                              
                                                  
l.1 ...–π —Å—Ä–µ–¥–æ–π —Å –∏—Å–ø–æ–ª—å–∑–æ–≤–∞–Ω–∏
                                                  –µ–º —Å–µ—Ç–µ–≤—ã—Ö —è–∑—ã...

You may provide a definition with
\DeclareUnicodeCharacter 


! Package inputenc Error: Unicode character –µ (U+0435)
(inputenc)                not set up for use with LaTeX.

See the inputenc package documentation for explanation.
Type  H <return>  for immediate help.
 ...                                              
                                                  
l.1 ... —Å—Ä–µ–¥–æ–π —Å –∏—Å–ø–æ–ª—å–∑–æ–≤–∞–Ω–∏–µ
                                                  –º —Å–µ—Ç–µ–≤—ã—Ö —è–∑—ã–∫...

You may provide a definition with
\DeclareUnicodeCharacter 


! Package inputenc Error: Unicode character –º (U+043C)
(inputenc)                not set up for use with LaTeX.

See the inputenc package documentation for explanation.
Type  H <return>  for immediate help.
 ...                                              
                                                  
l.1 ...Å—Ä–µ–¥–æ–π —Å –∏—Å–ø–æ–ª—å–∑–æ–≤–∞–Ω–∏–µ–º
                                                   —Å–µ—Ç–µ–≤—ã—Ö —è–∑—ã–∫–æ–≤}

You may provide a definition with
\DeclareUnicodeCharacter 


! Package inputenc Error: Unicode character —Å (U+0441)
(inputenc)                not set up for use with LaTeX.

See the inputenc package documentation for explanation.
Type  H <return>  for immediate help.
 ...                                              
                                                  
l.1 ...–µ–¥–æ–π —Å –∏—Å–ø–æ–ª—å–∑–æ–≤–∞–Ω–∏–µ–º —Å
                                                  –µ—Ç–µ–≤—ã—Ö —è–∑—ã–∫–æ–≤}
You may provide a definition with
\DeclareUnicodeCharacter 


! Package inputenc Error: Unicode character –µ (U+0435)
(inputenc)                not set up for use with LaTeX.

See the inputenc package documentation for explanation.
Type  H <return>  for immediate help.
 ...                                              
                                                  
l.1 ...–¥–æ–π —Å –∏—Å–ø–æ–ª—å–∑–æ–≤–∞–Ω–∏–µ–º —Å–µ
                                                  —Ç–µ–≤—ã—Ö —è–∑—ã–∫–æ–≤}
You may provide a definition with
\DeclareUnicodeCharacter 


! Package inputenc Error: Unicode character —Ç (U+0442)
(inputenc)                not set up for use with LaTeX.

See the inputenc package documentation for explanation.
Type  H <return>  for immediate help.
 ...                                              
                                                  
l.1 ...–æ–π —Å –∏—Å–ø–æ–ª—å–∑–æ–≤–∞–Ω–∏–µ–º —Å–µ—Ç
                                                  –µ–≤—ã—Ö —è–∑—ã–∫–æ–≤}
You may provide a definition with
\DeclareUnicodeCharacter 


! Package inputenc Error: Unicode character –µ (U+0435)
(inputenc)                not set up for use with LaTeX.

See the inputenc package documentation for explanation.
Type  H <return>  for immediate help.
 ...                                              
                                                  
l.1 ...–π —Å –∏—Å–ø–æ–ª—å–∑–æ–≤–∞–Ω–∏–µ–º —Å–µ—Ç–µ
                                                  –≤—ã—Ö —è–∑—ã–∫–æ–≤}
You may provide a definition with
\DeclareUnicodeCharacter 


! Package inputenc Error: Unicode character –≤ (U+0432)
(inputenc)                not set up for use with LaTeX.

See the inputenc package documentation for explanation.
Type  H <return>  for immediate help.
 ...                                              
                                                  
l.1 ... —Å –∏—Å–ø–æ–ª—å–∑–æ–≤–∞–Ω–∏–µ–º —Å–µ—Ç–µ–≤
                                                  —ã—Ö —è–∑—ã–∫–æ–≤}
You may provide a definition with
\DeclareUnicodeCharacter 


! Package inputenc Error: Unicode character —ã (U+044B)
(inputenc)                not set up for use with LaTeX.

See the inputenc package documentation for explanation.
Type  H <return>  for immediate help.
 ...                                              
                                                  
l.1 ...Å –∏—Å–ø–æ–ª—å–∑–æ–≤–∞–Ω–∏–µ–º —Å–µ—Ç–µ–≤—ã
                                                  —Ö —è–∑—ã–∫–æ–≤}
You may provide a definition with
\DeclareUnicodeCharacter 


! Package inputenc Error: Unicode character —Ö (U+0445)
(inputenc)                not set up for use with LaTeX.

See the inputenc package documentation for explanation.
Type  H <return>  for immediate help.
 ...                                              
                                                  
l.1 ...–∏—Å–ø–æ–ª—å–∑–æ–≤–∞–Ω–∏–µ–º —Å–µ—Ç–µ–≤—ã—Ö
                                                   —è–∑—ã–∫–æ–≤}
You may provide a definition with
\DeclareUnicodeCharacter 


! Package inputenc Error: Unicode character —è (U+044F)
(inputenc)                not set up for use with LaTeX.

See the inputenc package documentation for explanation.
Type  H <return>  for immediate help.
 ...                                              
                                                  
l.1 ...Å–ø–æ–ª—å–∑–æ–≤–∞–Ω–∏–µ–º —Å–µ—Ç–µ–≤—ã—Ö —è
                                                  –∑—ã–∫–æ–≤}
You may provide a definition with
\DeclareUnicodeCharacter 


! Package inputenc Error: Unicode character –∑ (U+0437)
(inputenc)                not set up for use with LaTeX.

See the inputenc package documentation for explanation.
Type  H <return>  for immediate help.
 ...                                              
                                                  
l.1 ...ø–æ–ª—å–∑–æ–≤–∞–Ω–∏–µ–º —Å–µ—Ç–µ–≤—ã—Ö —è–∑
                                                  —ã–∫–æ–≤}
You may provide a definition with
\DeclareUnicodeCharacter 


! Package inputenc Error: Unicode character —ã (U+044B)
(inputenc)                not set up for use with LaTeX.

See the inputenc package documentation for explanation.
Type  H <return>  for immediate help.
 ...                                              
                                                  
l.1 ...æ–ª—å–∑–æ–≤–∞–Ω–∏–µ–º —Å–µ—Ç–µ–≤—ã—Ö —è–∑—ã
                                                  –∫–æ–≤}
You may provide a definition with
\DeclareUnicodeCharacter 


! Package inputenc Error: Unicode character –∫ (U+043A)
(inputenc)                not set up for use with LaTeX.

See the inputenc package documentation for explanation.
Type  H <return>  for immediate help.
 ...                                              
                                                  
l.1 ...ª—å–∑–æ–≤–∞–Ω–∏–µ–º —Å–µ—Ç–µ–≤—ã—Ö —è–∑—ã–∫
                                                  –æ–≤}
You may provide a definition with
\DeclareUnicodeCharacter 


! Package inputenc Error: Unicode character –æ (U+043E)
(inputenc)                not set up for use with LaTeX.

See the inputenc package documentation for explanation.
Type  H <return>  for immediate help.
 ...                                              
                                                  
l.1 ...å–∑–æ–≤–∞–Ω–∏–µ–º —Å–µ—Ç–µ–≤—ã—Ö —è–∑—ã–∫–æ
                                                  –≤}
You may provide a definition with
\DeclareUnicodeCharacter 


! Package inputenc Error: Unicode character –≤ (U+0432)
(inputenc)                not set up for use with LaTeX.

See the inputenc package documentation for explanation.
Type  H <return>  for immediate help.
 ...                                              
                                                  
l.1 ...∑–æ–≤–∞–Ω–∏–µ–º —Å–µ—Ç–µ–≤—ã—Ö —è–∑—ã–∫–æ–≤
                                                  }
You may provide a definition with
\DeclareUnicodeCharacter 

! Undefined control sequence.
l.2 \scnstartsubstruct
                      
The control sequence at the end of the top line
of your error message was never \def'ed. If you have
misspelled it (e.g., `\hobx'), type `I' and the correct
spelling (e.g., `I\hbox'). Otherwise just continue,
and I'll forget about whatever was undefined.

! Undefined control sequence.
l.4 \scnheader
              {–†–µ–∞–ª–∏–∑–∞—Ü–∏—è –ø–æ–¥—Å–∏—Å—Ç–µ–º—ã –≤–∑–∞–∏–º–æ–¥–µ–π—...
The control sequence at the end of the top line
of your error message was never \def'ed. If you have
misspelled it (e.g., `\hobx'), type `I' and the correct
spelling (e.g., `I\hbox'). Otherwise just continue,
and I'll forget about whatever was undefined.


! Package inputenc Error: Unicode character –† (U+0420)
(inputenc)                not set up for use with LaTeX.

See the inputenc package documentation for explanation.
Type  H <return>  for immediate help.
 ...                                              
                                                  
l.4 \scnheader{–†
                 –µ–∞–ª–∏–∑–∞—Ü–∏—è –ø–æ–¥—Å–∏—Å—Ç–µ–º—ã –≤–∑–∞–∏–º–æ–¥–µ–π—...

You may provide a definition with
\DeclareUnicodeCharacter 


! Package inputenc Error: Unicode character –µ (U+0435)
(inputenc)                not set up for use with LaTeX.

See the inputenc package documentation for explanation.
Type  H <return>  for immediate help.
 ...                                              
                                                  
l.4 \scnheader{–†–µ
                   –∞–ª–∏–∑–∞—Ü–∏—è –ø–æ–¥—Å–∏—Å—Ç–µ–º—ã –≤–∑–∞–∏–º–æ–¥–µ–π—...

You may provide a definition with
\DeclareUnicodeCharacter 


! Package inputenc Error: Unicode character –∞ (U+0430)
(inputenc)                not set up for use with LaTeX.

See the inputenc package documentation for explanation.
Type  H <return>  for immediate help.
 ...                                              
                                                  
l.4 \scnheader{–†–µ–∞
                     –ª–∏–∑–∞—Ü–∏—è –ø–æ–¥—Å–∏—Å—Ç–µ–º—ã –≤–∑–∞–∏–º–æ–¥–µ–π—...

You may provide a definition with
\DeclareUnicodeCharacter 


! Package inputenc Error: Unicode character –ª (U+043B)
(inputenc)                not set up for use with LaTeX.

See the inputenc package documentation for explanation.
Type  H <return>  for immediate help.
 ...                                              
                                                  
l.4 \scnheader{–†–µ–∞–ª
                       –∏–∑–∞—Ü–∏—è –ø–æ–¥—Å–∏—Å—Ç–µ–º—ã –≤–∑–∞–∏–º–æ–¥–µ–π—...

You may provide a definition with
\DeclareUnicodeCharacter 


! Package inputenc Error: Unicode character –∏ (U+0438)
(inputenc)                not set up for use with LaTeX.

See the inputenc package documentation for explanation.
Type  H <return>  for immediate help.
 ...                                              
                                                  
l.4 \scnheader{–†–µ–∞–ª–∏
                         –∑–∞—Ü–∏—è –ø–æ–¥—Å–∏—Å—Ç–µ–º—ã –≤–∑–∞–∏–º–æ–¥–µ–π—...

You may provide a definition with
\DeclareUnicodeCharacter 


! Package inputenc Error: Unicode character –∑ (U+0437)
(inputenc)                not set up for use with LaTeX.

See the inputenc package documentation for explanation.
Type  H <return>  for immediate help.
 ...                                              
                                                  
l.4 \scnheader{–†–µ–∞–ª–∏–∑
                           –∞—Ü–∏—è –ø–æ–¥—Å–∏—Å—Ç–µ–º—ã –≤–∑–∞–∏–º–æ–¥–µ–π—...

You may provide a definition with
\DeclareUnicodeCharacter 


! Package inputenc Error: Unicode character –∞ (U+0430)
(inputenc)                not set up for use with LaTeX.

See the inputenc package documentation for explanation.
Type  H <return>  for immediate help.
 ...                                              
                                                  
l.4 \scnheader{–†–µ–∞–ª–∏–∑–∞
                             —Ü–∏—è –ø–æ–¥—Å–∏—Å—Ç–µ–º—ã –≤–∑–∞–∏–º–æ–¥–µ–π—...

You may provide a definition with
\DeclareUnicodeCharacter 


! Package inputenc Error: Unicode character —Ü (U+0446)
(inputenc)                not set up for use with LaTeX.

See the inputenc package documentation for explanation.
Type  H <return>  for immediate help.
 ...                                              
                                                  
l.4 \scnheader{–†–µ–∞–ª–∏–∑–∞—Ü
                               –∏—è –ø–æ–¥—Å–∏—Å—Ç–µ–º—ã –≤–∑–∞–∏–º–æ–¥–µ–π—...

You may provide a definition with
\DeclareUnicodeCharacter 


! Package inputenc Error: Unicode character –∏ (U+0438)
(inputenc)                not set up for use with LaTeX.

See the inputenc package documentation for explanation.
Type  H <return>  for immediate help.
 ...                                              
                                                  
l.4 \scnheader{–†–µ–∞–ª–∏–∑–∞—Ü–∏
                                 —è –ø–æ–¥—Å–∏—Å—Ç–µ–º—ã –≤–∑–∞–∏–º–æ–¥–µ–π—...

You may provide a definition with
\DeclareUnicodeCharacter 


! Package inputenc Error: Unicode character —è (U+044F)
(inputenc)                not set up for use with LaTeX.

See the inputenc package documentation for explanation.
Type  H <return>  for immediate help.
 ...                                              
                                                  
l.4 \scnheader{–†–µ–∞–ª–∏–∑–∞—Ü–∏—è
                                    –ø–æ–¥—Å–∏—Å—Ç–µ–º—ã –≤–∑–∞–∏–º–æ–¥–µ–π—...

You may provide a definition with
\DeclareUnicodeCharacter 


! Package inputenc Error: Unicode character –ø (U+043F)
(inputenc)                not set up for use with LaTeX.

See the inputenc package documentation for explanation.
Type  H <return>  for immediate help.
 ...                                              
                                                  
l.4 \scnheader{–†–µ–∞–ª–∏–∑–∞—Ü–∏—è –ø
                                      –æ–¥—Å–∏—Å—Ç–µ–º—ã –≤–∑–∞–∏–º–æ–¥–µ–π—...

You may provide a definition with
\DeclareUnicodeCharacter 


! Package inputenc Error: Unicode character –æ (U+043E)
(inputenc)                not set up for use with LaTeX.

See the inputenc package documentation for explanation.
Type  H <return>  for immediate help.
 ...                                              
                                                  
l.4 \scnheader{–†–µ–∞–ª–∏–∑–∞—Ü–∏—è –ø–æ
                                        –¥—Å–∏—Å—Ç–µ–º—ã –≤–∑–∞–∏–º–æ–¥–µ–π—...

You may provide a definition with
\DeclareUnicodeCharacter 


! Package inputenc Error: Unicode character –¥ (U+0434)
(inputenc)                not set up for use with LaTeX.

See the inputenc package documentation for explanation.
Type  H <return>  for immediate help.
 ...                                              
                                                  
l.4 \scnheader{–†–µ–∞–ª–∏–∑–∞—Ü–∏—è –ø–æ–¥
                                          —Å–∏—Å—Ç–µ–º—ã –≤–∑–∞–∏–º–æ–¥–µ–π—...
(That makes 100 errors; please try again.) 
Here is how much of TeX's memory you used:
 41 strings out of 481239
 725 string characters out of 5920377
 236563 words of memory out of 5000000
 15408 multiletter control sequences out of 15000+600000
 532338 words of font info for 24 fonts, out of 8000000 for 9000
 1141 hyphenation exceptions out of 8191
 12i,0n,15p,243b,39s stack positions out of 5000i,500n,10000p,200000b,80000s

!  ==> Fatal error occurred, no output PDF file produced!
